<?xml version="1.0" encoding="UTF-8"?>
<!-- Generated by org.testng.reporters.JUnitReportReporter -->
<testsuite hostname="DESKTOP-19BS8TV" failures="0" tests="2" name="com.LinkedInHybridProject.testCases.HomePageWithUserProfile" time="18.192" errors="0" timestamp="2024-09-02T11:52:01 IST" skipped="0">
  <testcase classname="com.LinkedInHybridProject.testCases.HomePageWithUserProfile" name="LoginValidCredencials" time="12.676"/>
  <testcase classname="com.LinkedInHybridProject.testCases.HomePageWithUserProfile" name="HomeWithUserProfile" time="5.516"/>
</testsuite> <!-- com.LinkedInHybridProject.testCases.HomePageWithUserProfile -->
