<?xml version="1.0" encoding="UTF-8"?>
<!-- Generated by org.testng.reporters.JUnitReportReporter -->
<testsuite hostname="DESKTOP-19BS8TV" failures="0" tests="1" name="com.LinkedInHybridProject.testCases.LoginPageWithValidCredencials" time="13.121" errors="0" timestamp="2024-09-02T11:52:01 IST" skipped="0">
  <testcase classname="com.LinkedInHybridProject.testCases.LoginPageWithValidCredencials" name="LoginValidCredencials" time="13.121"/>
</testsuite> <!-- com.LinkedInHybridProject.testCases.LoginPageWithValidCredencials -->
